<?xml version="1.0" encoding="UTF-8"?>
<testsuite xmlns:xsi="http://www.w3.org/2001/XMLSchema-instance" xsi:noNamespaceSchemaLocation="https://maven.apache.org/surefire/maven-surefire-plugin/xsd/surefire-test-report.xsd" version="3.0.2" name="com.github.computer114514.OnlineCatCatchingApplicationTests" time="4.422" tests="1" errors="0" skipped="0" failures="0">
  <properties>
[...]
</properties>
  <testcase name="contextLoads" classname="com.github.computer114514.OnlineCatCatchingApplicationTests" time="0.993">
    <system-out><![CDATA[10:37:39.185 [main] INFO org.springframework.test.context.support.AnnotationConfigContextLoaderUtils -- Could not detect default configuration classes for test class [com.github.computer114514.OnlineCatCatchingApplicationTests]: OnlineCatCatchingApplicationTests does not declare any static, non-private, non-final, nested classes annotated with @Configuration.
10:37:39.429 [main] INFO org.springframework.boot.test.context.SpringBootTestContextBootstrapper -- Found @SpringBootConfiguration com.github.computer114514.OnlineCatCatchingApplication for test class com.github.computer114514.OnlineCatCatchingApplicationTests

  .   ____          _            __ _ _
 /\\ / ___'_ __ _ _(_)_ __  __ _ \ \ \ \
( ( )\___ | '_ | '_| | '_ \/ _` | \ \ \ \
 \\/  ___)| |_)| | | | | || (_| |  ) ) ) )
  '  |____| .__|_| |_|_| |_\__, | / / / /
 =========|_|==============|___/=/_/_/_/

 :: Spring Boot ::                (v4.0.2)

2026-02-27T10:37:40.095+08:00  INFO 47860 --- [           main] c.g.c.OnlineCatCatchingApplicationTests  : Starting OnlineCatCatchingApplicationTests using Java 25.0.1 with PID 47860 (started by 30580 in C:\Users\30580\Desktop\项目\电子猫猫项目\Online-Cat-Catching)
2026-02-27T10:37:40.097+08:00  INFO 47860 --- [           main] c.g.c.OnlineCatCatchingApplicationTests  : No active profile set, falling back to 1 default profile: "default"
2026-02-27T10:37:42.313+08:00  INFO 47860 --- [           main] c.g.c.OnlineCatCatchingApplicationTests  : Started OnlineCatCatchingApplicationTests in 2.618 seconds (process running for 4.7)
]]></system-out>
    <system-err><![CDATA[Mockito is currently self-attaching to enable the inline-mock-maker. This will no longer work in future releases of the JDK. Please add Mockito as an agent to your build as described in Mockito's documentation: https://javadoc.io/doc/org.mockito/mockito-core/latest/org.mockito/org/mockito/Mockito.html#0.3
WARNING: A Java agent has been loaded dynamically (E:\maven\repository\net\bytebuddy\byte-buddy-agent\1.17.8\byte-buddy-agent-1.17.8.jar)
WARNING: If a serviceability tool is in use, please run with -XX:+EnableDynamicAgentLoading to hide this warning
WARNING: If a serviceability tool is not in use, please run with -Djdk.instrument.traceUsage for more information
WARNING: Dynamic loading of agents will be disallowed by default in a future release
]]></system-err>
  </testcase>
</testsuite>